2024-06-11T14:11:47.264-04:00  INFO 33884 --- [Hello_Altero_Management_Service] [restartedMain] .HelloAlteroManagementServiceApplication : Starting HelloAlteroManagementServiceApplication using Java 17.0.10 with PID 33884 (C:\Workspace\Hello_Altero_Management_Service\target\classes started by Integ in C:\Workspace\Hello_Altero_Management_Service)
2024-06-11T14:11:47.264-04:00  INFO 33884 --- [Hello_Altero_Management_Service] [restartedMain] .HelloAlteroManagementServiceApplication : No active profile set, falling back to 1 default profile: "default"
2024-06-11T14:11:47.423-04:00  INFO 33884 --- [Hello_Altero_Management_Service] [restartedMain] .s.d.r.c.RepositoryConfigurationDelegate : Bootstrapping Spring Data JPA repositories in DEFAULT mode.
2024-06-11T14:11:47.431-04:00  INFO 33884 --- [Hello_Altero_Management_Service] [restartedMain] .s.d.r.c.RepositoryConfigurationDelegate : Finished Spring Data repository scanning in 6 ms. Found 1 JPA repository interface.
2024-06-11T14:11:47.531-04:00  INFO 33884 --- [Hello_Altero_Management_Service] [restartedMain] o.s.b.w.embedded.tomcat.TomcatWebServer  : Tomcat initialized with port 8080 (http)
2024-06-11T14:11:47.532-04:00  INFO 33884 --- [Hello_Altero_Management_Service] [restartedMain] o.apache.catalina.core.StandardService   : Starting service [Tomcat]
2024-06-11T14:11:47.532-04:00  INFO 33884 --- [Hello_Altero_Management_Service] [restartedMain] o.apache.catalina.core.StandardEngine    : Starting Servlet engine: [Apache Tomcat/10.1.24]
2024-06-11T14:11:47.544-04:00  INFO 33884 --- [Hello_Altero_Management_Service] [restartedMain] o.a.c.c.C.[Tomcat].[localhost].[/]       : Initializing Spring embedded WebApplicationContext
2024-06-11T14:11:47.545-04:00  INFO 33884 --- [Hello_Altero_Management_Service] [restartedMain] w.s.c.ServletWebServerApplicationContext : Root WebApplicationContext: initialization completed in 276 ms
2024-06-11T14:11:47.558-04:00  INFO 33884 --- [Hello_Altero_Management_Service] [restartedMain] com.zaxxer.hikari.HikariDataSource       : HikariPool-2 - Starting...
2024-06-11T14:11:47.560-04:00  INFO 33884 --- [Hello_Altero_Management_Service] [restartedMain] com.zaxxer.hikari.pool.HikariPool        : HikariPool-2 - Added connection conn20: url=jdbc:h2:mem:testdb user=SA
2024-06-11T14:11:47.560-04:00  INFO 33884 --- [Hello_Altero_Management_Service] [restartedMain] com.zaxxer.hikari.HikariDataSource       : HikariPool-2 - Start completed.
2024-06-11T14:11:47.560-04:00  INFO 33884 --- [Hello_Altero_Management_Service] [restartedMain] o.s.b.a.h2.H2ConsoleAutoConfiguration    : H2 console available at '/h2-console'. Database available at 'jdbc:h2:mem:testdb'
2024-06-11T14:11:47.591-04:00  INFO 33884 --- [Hello_Altero_Management_Service] [restartedMain] o.hibernate.jpa.internal.util.LogHelper  : HHH000204: Processing PersistenceUnitInfo [name: default]
2024-06-11T14:11:47.596-04:00  INFO 33884 --- [Hello_Altero_Management_Service] [restartedMain] o.h.c.internal.RegionFactoryInitiator    : HHH000026: Second-level cache disabled
2024-06-11T14:11:47.603-04:00  INFO 33884 --- [Hello_Altero_Management_Service] [restartedMain] o.s.o.j.p.SpringPersistenceUnitInfo      : No LoadTimeWeaver setup: ignoring JPA class transformer
2024-06-11T14:11:47.633-04:00  INFO 33884 --- [Hello_Altero_Management_Service] [restartedMain] o.h.e.t.j.p.i.JtaPlatformInitiator       : HHH000489: No JTA platform available (set 'hibernate.transaction.jta.platform' to enable JTA platform integration)
2024-06-11T14:11:47.634-04:00  INFO 33884 --- [Hello_Altero_Management_Service] [restartedMain] j.LocalContainerEntityManagerFactoryBean : Initialized JPA EntityManagerFactory for persistence unit 'default'
2024-06-11T14:11:47.738-04:00  WARN 33884 --- [Hello_Altero_Management_Service] [restartedMain] JpaBaseConfiguration$JpaWebConfiguration : spring.jpa.open-in-view is enabled by default. Therefore, database queries may be performed during view rendering. Explicitly configure spring.jpa.open-in-view to disable this warning
2024-06-11T14:11:47.828-04:00  INFO 33884 --- [Hello_Altero_Management_Service] [restartedMain] o.s.s.web.DefaultSecurityFilterChain     : Will secure any request with [org.springframework.security.web.session.DisableEncodeUrlFilter@193852e6, org.springframework.security.web.context.request.async.WebAsyncManagerIntegrationFilter@277a1f8a, org.springframework.security.web.context.SecurityContextHolderFilter@4736d2fc, org.springframework.security.web.header.HeaderWriterFilter@56762acb, org.springframework.web.filter.CorsFilter@20fb8fe8, org.springframework.security.web.authentication.logout.LogoutFilter@465ce9e5, com.munib.coding.jwt.JwtRequestFilter@74abac1, org.springframework.security.web.savedrequest.RequestCacheAwareFilter@5357da9, org.springframework.security.web.servletapi.SecurityContextHolderAwareRequestFilter@5b0621b2, org.springframework.security.web.authentication.AnonymousAuthenticationFilter@c1da02e, org.springframework.security.web.session.SessionManagementFilter@42bbf2d3, org.springframework.security.web.access.ExceptionTranslationFilter@23575256, org.springframework.security.web.access.intercept.AuthorizationFilter@41affa79]
2024-06-11T14:11:47.836-04:00  WARN 33884 --- [Hello_Altero_Management_Service] [restartedMain] o.s.s.c.a.web.builders.WebSecurity       : You are asking Spring Security to ignore DispatcherServletDelegating [ant = Ant [pattern='/h2-console/**'], mvc = Mvc [pattern='/h2-console/**']]. This is not recommended -- please use permitAll via HttpSecurity#authorizeHttpRequests instead.
2024-06-11T14:11:47.837-04:00  INFO 33884 --- [Hello_Altero_Management_Service] [restartedMain] o.s.s.web.DefaultSecurityFilterChain     : Will not secure DispatcherServletDelegating [ant = Ant [pattern='/h2-console/**'], mvc = Mvc [pattern='/h2-console/**']]
2024-06-11T14:11:47.937-04:00  INFO 33884 --- [Hello_Altero_Management_Service] [restartedMain] o.s.b.d.a.OptionalLiveReloadServer       : LiveReload server is running on port 35729
2024-06-11T14:11:47.946-04:00  INFO 33884 --- [Hello_Altero_Management_Service] [restartedMain] o.s.b.w.embedded.tomcat.TomcatWebServer  : Tomcat started on port 8080 (http) with context path '/'
2024-06-11T14:11:47.949-04:00  INFO 33884 --- [Hello_Altero_Management_Service] [restartedMain] .HelloAlteroManagementServiceApplication : Started HelloAlteroManagementServiceApplication in 0.737 seconds (process running for 2649.244)
2024-06-11T14:11:47.951-04:00  INFO 33884 --- [Hello_Altero_Management_Service] [restartedMain] .ConditionEvaluationDeltaLoggingListener : Condition evaluation unchanged
2024-06-11T18:16:33.306-04:00  WARN 33884 --- [Hello_Altero_Management_Service] [HikariPool-2 housekeeper] com.zaxxer.hikari.pool.HikariPool        : HikariPool-2 - Thread starvation or clock leap detected (housekeeper delta=1h59m13s871ms834µs100ns).
2024-06-11T21:20:02.447-04:00  INFO 33884 --- [Hello_Altero_Management_Service] [RMI TCP Connection(367)-127.0.0.1] inMXBeanRegistrar$SpringApplicationAdmin : Application shutdown requested.
2024-06-11T21:20:02.534-04:00  INFO 33884 --- [Hello_Altero_Management_Service] [RMI TCP Connection(367)-127.0.0.1] j.LocalContainerEntityManagerFactoryBean : Closing JPA EntityManagerFactory for persistence unit 'default'
2024-06-11T21:20:02.564-04:00  WARN 33884 --- [Hello_Altero_Management_Service] [RMI TCP Connection(367)-127.0.0.1] o.s.b.f.support.DisposableBeanAdapter    : Invocation of destroy method failed on bean with name 'inMemoryDatabaseShutdownExecutor': org.h2.jdbc.JdbcSQLNonTransientConnectionException: Database is already closed (to disable automatic closing at VM shutdown, add ";DB_CLOSE_ON_EXIT=FALSE" to the db URL) [90121-224]
2024-06-11T21:20:02.564-04:00  INFO 33884 --- [Hello_Altero_Management_Service] [RMI TCP Connection(367)-127.0.0.1] com.zaxxer.hikari.HikariDataSource       : HikariPool-2 - Shutdown initiated...
2024-06-11T21:20:02.565-04:00  INFO 33884 --- [Hello_Altero_Management_Service] [RMI TCP Connection(367)-127.0.0.1] com.zaxxer.hikari.HikariDataSource       : HikariPool-2 - Shutdown completed.
